<?xml version="1.0" encoding="UTF-8"?>
<!-- Generated by org.testng.reporters.JUnitReportReporter -->
<testsuite hostname="DESKTOP-8D6SG2F" failures="0" tests="1" name="javaPackage.Test1" time="0.035" errors="0" timestamp="2024-05-23T16:06:08 IST" skipped="0">
  <testcase classname="javaPackage.Test1" name="b" time="0.035"/>
  <system-out/>
</testsuite> <!-- javaPackage.Test1 -->
